0 silly argv {
0 silly argv   _: [ 'run' ],
0 silly argv   parallel: true,
0 silly argv   lernaVersion: '8.1.2',
0 silly argv   '$0': 'node_modules\\lerna\\dist\\cli.js',
0 silly argv   script: 'dev'
0 silly argv }
1 notice cli v8.1.2
2 verbose packageConfigs Explicit "packages" configuration found in lerna.json. Resolving packages using the configured glob(s): ["packages/*"]
3 verbose rootPath C:\Akateria\Projects\abs-couverture
4 error Error: The following projects are defined in multiple locations:
4 error - abs-couverture:
4 error   - packages/api
4 error   - packages/client
4 error
4 error To fix this, set a unique name for each project in a project.json inside the project's root. If the project does not currently have a project.json, you can create one that contains only a name.
4 error     at readProjectConfigurationsFromRootMap (C:\Akateria\Projects\abs-couverture\node_modules\nx\src\project-graph\utils\project-configuration-utils.js:249:15)
4 error     at C:\Akateria\Projects\abs-couverture\node_modules\nx\src\project-graph\utils\project-configuration-utils.js:208:26
4 error     at async createProjectConfigurations (C:\Akateria\Projects\abs-couverture\node_modules\nx\src\project-graph\utils\retrieve-workspace-files.js:89:62)
4 error     at async buildProjectGraphAndSourceMapsWithoutDaemon (C:\Akateria\Projects\abs-couverture\node_modules\nx\src\project-graph\project-graph.js:71:69)
4 error     at async createProjectGraphAndSourceMapsAsync (C:\Akateria\Projects\abs-couverture\node_modules\nx\src\project-graph\project-graph.js:136:25)
4 error     at async createProjectGraphAsync (C:\Akateria\Projects\abs-couverture\node_modules\nx\src\project-graph\project-graph.js:125:39)
4 error     at async detectProjects (C:\Akateria\Projects\abs-couverture\node_modules\lerna\dist\index.js:1563:25)
